<?xml version="1.0" encoding="UTF-8"?>
<testng-results total="2" passed="2" failed="0" skipped="0">
  <reporter-output>
  </reporter-output>
  <suite started-at="2018-10-30T06:53:43Z" name="TestNgMavenExampleSuite" finished-at="2018-10-30T06:53:43Z" duration-ms="14">
    <groups>
    </groups>
    <test started-at="2018-10-30T06:53:43Z" name="TestNgMavenTest" finished-at="2018-10-30T06:53:43Z" duration-ms="14">
      <class name="com.javacodegeeks.testng.maven.TestNgMavenExample">
        <test-method signature="exampleOfTestNgMaven()[pri:0, instance:com.javacodegeeks.testng.maven.TestNgMavenExample@1189dd52]" started-at="2018-10-30T13:53:43Z" name="exampleOfTestNgMaven" finished-at="2018-10-30T13:53:43Z" duration-ms="8" status="PASS">
          <reporter-output>
          </reporter-output>
        </test-method> <!-- exampleOfTestNgMaven -->
      </class> <!-- com.javacodegeeks.testng.maven.TestNgMavenExample -->
      <class name="com.javacodegeeks.testng.maven.TestNgMavenSecondClass">
        <test-method signature="oneMoreTest()[pri:0, instance:com.javacodegeeks.testng.maven.TestNgMavenSecondClass@5c5eefef]" started-at="2018-10-30T13:53:43Z" name="oneMoreTest" finished-at="2018-10-30T13:53:43Z" duration-ms="0" status="PASS">
          <reporter-output>
          </reporter-output>
        </test-method> <!-- oneMoreTest -->
      </class> <!-- com.javacodegeeks.testng.maven.TestNgMavenSecondClass -->
    </test> <!-- TestNgMavenTest -->
  </suite> <!-- TestNgMavenExampleSuite -->
</testng-results>
