<?xml version="1.0" encoding="UTF-8"?>
<testsuite xmlns:xsi="http://www.w3.org/2001/XMLSchema-instance" xsi:noNamespaceSchemaLocation="https://maven.apache.org/surefire/maven-surefire-plugin/xsd/surefire-test-report.xsd" name="TestSuite" time="0.472" tests="2" errors="0" skipped="0" failures="0">
  <properties>
[...]
</properties>
  <testcase name="exampleOfTestNgMaven" classname="com.javacodegeeks.testng.maven.TestNgMavenExample" time="0.01"/>
  <testcase name="oneMoreTest" classname="com.javacodegeeks.testng.maven.TestNgMavenSecondClass" time="0"/>
</testsuite>