<?xml version="1.0" encoding="UTF-8"?>
<testng-results total="1" passed="1" failed="0" skipped="0">
  <reporter-output>
  </reporter-output>
  <suite started-at="2018-10-30T03:44:08Z" name="Default suite" finished-at="2018-10-30T03:44:08Z" duration-ms="31">
    <groups>
    </groups>
    <test started-at="2018-10-30T03:44:08Z" name="Default test" finished-at="2018-10-30T03:44:08Z" duration-ms="31">
      <class name="com.javacodegeeks.testng.maven.TestNgMavenExample">
        <test-method signature="exampleOfTestNgMaven()[pri:0, instance:com.javacodegeeks.testng.maven.TestNgMavenExample@4116aac9]" started-at="2018-10-30T10:44:08Z" name="exampleOfTestNgMaven" finished-at="2018-10-30T10:44:08Z" duration-ms="16" status="PASS">
          <reporter-output>
          </reporter-output>
        </test-method> <!-- exampleOfTestNgMaven -->
      </class> <!-- com.javacodegeeks.testng.maven.TestNgMavenExample -->
    </test> <!-- Default test -->
  </suite> <!-- Default suite -->
</testng-results>
